Arguments: 
  /usr/local/Cellar/node@14/14.19.0_1/bin/node /usr/local/Cellar/yarn/1.22.17_2/libexec/bin/yarn.js add yargs

PATH: 
  /usr/local/opt/postgresql@13/bin:/usr/local/opt/node@14/bin:/Users/codywaite/.rbenv/shims:/usr/local/bin:/usr/local/sbin:/usr/bin:/bin:/usr/sbin:/sbin

Yarn version: 
  1.22.17

Node version: 
  14.19.0

Platform: 
  darwin x64

Trace: 
  Error: EACCES: permission denied, unlink '/Users/codywaite/work/secretnodes/oracle/node_modules/.yarn-integrity'

npm manifest: 
  {
    "scripts": {
      "list-exchanges": "ts-node ./src/api/listExchanges.ts"
    },
    "dependencies": {
      "@types/node": "^18.7.14",
      "bullmq": "^1.90.0",
      "ccxt": "^1.92.95",
      "dotenv": "^16.0.2",
      "postgres": "^3.2.4",
      "spark-md5": "^3.0.2",
      "ts-node": "^10.9.1",
      "tsconfig-paths": "^4.1.0",
      "typescript": "^4.8.2"
    }
  }

yarn manifest: 
  No manifest

Lockfile: 
  No lockfile
